160127 08:42:42 mysqld_safe Can't log to error log and syslog at the same time.  Remove all --log-error configuration options for --syslog to take effect.
160127 08:42:42 mysqld_safe Logging to '/var/log/mysql2/error.log'.
160127 08:42:42 mysqld_safe Starting mysqld daemon with databases from /var/lib/mysql2
/usr/bin/mysqld_safe: 126: /usr/bin/mysqld_safe: cannot create /var/log/mysql2/error.log: Permission denied
/usr/bin/mysqld_safe: 1: eval: cannot create /var/log/mysql2/error.log: Permission denied
160127 08:42:42 mysqld_safe mysqld from pid file /var/run/mysqld/mysqld2.pid ended
/usr/bin/mysqld_safe: 126: /usr/bin/mysqld_safe: cannot create /var/log/mysql2/error.log: Permission denied
160127 08:42:54 mysqld_safe Can't log to error log and syslog at the same time.  Remove all --log-error configuration options for --syslog to take effect.
160127 08:42:54 mysqld_safe Logging to '/var/log/mysql2/error.log'.
160127 08:42:54 mysqld_safe Starting mysqld daemon with databases from /var/lib/mysql2
160127 08:49:54 mysqld_safe Number of processes running now: 0
160127 08:49:54 mysqld_safe mysqld restarted
160127 09:15:49 mysqld_safe Number of processes running now: 0
160127 09:15:49 mysqld_safe mysqld restarted
160127 09:17:45 mysqld_safe Number of processes running now: 0
160127 09:17:45 mysqld_safe mysqld restarted
160127 15:21:39 mysqld_safe Number of processes running now: 0
160127 15:21:39 mysqld_safe mysqld restarted
160127 15:23:03 mysqld_safe Number of processes running now: 0
160127 15:23:03 mysqld_safe mysqld restarted
160127 15:23:35 mysqld_safe Number of processes running now: 0
160127 15:23:35 mysqld_safe mysqld restarted
160127 15:23:53 mysqld_safe Number of processes running now: 0
160127 15:23:53 mysqld_safe mysqld restarted
160127 15:24:10 mysqld_safe Number of processes running now: 0
160127 15:24:10 mysqld_safe mysqld restarted
160127 15:24:18 mysqld_safe Number of processes running now: 0
160127 15:24:18 mysqld_safe mysqld restarted
160127 15:24:31 mysqld_safe Number of processes running now: 0
160127 15:24:31 mysqld_safe mysqld restarted
160127 15:25:42 mysqld_safe Number of processes running now: 0
160127 15:25:42 mysqld_safe mysqld restarted
160127 15:26:36 mysqld_safe Number of processes running now: 0
160127 15:26:36 mysqld_safe mysqld restarted
160127 15:26:43 mysqld_safe Number of processes running now: 0
160127 15:26:43 mysqld_safe mysqld restarted
160127 15:26:51 mysqld_safe Number of processes running now: 0
160127 15:26:51 mysqld_safe mysqld restarted
160127 17:56:15 mysqld_safe Number of processes running now: 0
160127 17:56:15 mysqld_safe mysqld restarted
160127 17:56:38 mysqld_safe Number of processes running now: 0
160127 17:56:38 mysqld_safe mysqld restarted
/usr/bin/mysqladmin: connect to server at 'localhost' failed
error: 'Can't connect to local MySQL server through socket '/var/run/mysqld/mysqld.sock' (2)'
Check that mysqld is running and that the socket: '/var/run/mysqld/mysqld.sock' exists!
160127 18:04:34 mysqld_safe Number of processes running now: 0
160127 18:04:34 mysqld_safe mysqld restarted
160128 08:40:46 mysqld_safe Can't log to error log and syslog at the same time.  Remove all --log-error configuration options for --syslog to take effect.
160128 08:40:46 mysqld_safe Logging to '/var/log/mysql2/error.log'.
160128 08:40:46 mysqld_safe Starting mysqld daemon with databases from /var/lib/mysql2
